This is pdfTeX, Version 3.141592653-2.6-1.40.23 (TeX Live 2021/W32TeX) (preloaded format=pdflatex 2021.7.7)  15 JUL 2021 10:47
entering extended mode
 restricted \write18 enabled.
 %&-line parsing enabled.
**A-heuristic-algorithm-to-select-GRM.tex
(./A-heuristic-algorithm-to-select-GRM.tex
LaTeX2e <2021-06-01> patch level 1
L3 programming layer <2021-06-18> (e:/44013343z/AppData/Roaming/TinyTeX/texmf-d
ist/tex/latex/base/article.cls
Document Class: article 2021/02/12 v1.4n Standard LaTeX document class
(e:/44013343z/AppData/Roaming/TinyTeX/texmf-dist/tex/latex/base/size10.clo
File: size10.clo 2021/02/12 v1.4n Standard LaTeX file (size option)
)
\c@part=\count182
\c@section=\count183
\c@subsection=\count184
\c@subsubsection=\count185
\c@paragraph=\count186
\c@subparagraph=\count187
\c@figure=\count188
\c@table=\count189
\abovecaptionskip=\skip47
\belowcaptionskip=\skip48
\bibindent=\dimen138
)
(e:/44013343z/AppData/Roaming/TinyTeX/texmf-dist/tex/latex/geometry/geometry.st
y
Package: geometry 2020/01/02 v5.9 Page Geometry
(e:/44013343z/AppData/Roaming/TinyTeX/texmf-dist/tex/latex/graphics/keyval.sty
Package: keyval 2014/10/28 v1.15 key=value parser (DPC)
\KV@toks@=\toks16
) (e:/44013343z/AppData/Roaming/TinyTeX/texmf-dist/tex/generic/iftex/ifvtex.sty
Package: ifvtex 2019/10/25 v1.7 ifvtex legacy package. Use iftex instead.
(e:/44013343z/AppData/Roaming/TinyTeX/texmf-dist/tex/generic/iftex/iftex.sty
Package: iftex 2020/03/06 v1.0d TeX engine tests
))
\Gm@cnth=\count190
\Gm@cntv=\count191
\c@Gm@tempcnt=\count192
\Gm@bindingoffset=\dimen139
\Gm@wd@mp=\dimen140
\Gm@odd@mp=\dimen141
\Gm@even@mp=\dimen142
\Gm@layoutwidth=\dimen143
\Gm@layoutheight=\dimen144
\Gm@layouthoffset=\dimen145
\Gm@layoutvoffset=\dimen146
\Gm@dimlist=\toks17
) (e:/44013343z/AppData/Roaming/TinyTeX/texmf-dist/tex/latex/amsmath/amsmath.st
y
Package: amsmath 2021/04/20 v2.17j AMS math features
\@mathmargin=\skip49
For additional information on amsmath, use the `?' option.
(e:/44013343z/AppData/Roaming/TinyTeX/texmf-dist/tex/latex/amsmath/amstext.sty
Package: amstext 2000/06/29 v2.01 AMS text
(e:/44013343z/AppData/Roaming/TinyTeX/texmf-dist/tex/latex/amsmath/amsgen.sty
File: amsgen.sty 1999/11/30 v2.0 generic functions
\@emptytoks=\toks18
\ex@=\dimen147
)) (e:/44013343z/AppData/Roaming/TinyTeX/texmf-dist/tex/latex/amsmath/amsbsy.st
y
Package: amsbsy 1999/11/29 v1.2d Bold Symbols
\pmbraise@=\dimen148
) (e:/44013343z/AppData/Roaming/TinyTeX/texmf-dist/tex/latex/amsmath/amsopn.sty
Package: amsopn 2016/03/08 v2.02 operator names
)
\inf@bad=\count193
LaTeX Info: Redefining \frac on input line 234.
\uproot@=\count194
\leftroot@=\count195
LaTeX Info: Redefining \overline on input line 399.
\classnum@=\count196
\DOTSCASE@=\count197
LaTeX Info: Redefining \ldots on input line 496.
LaTeX Info: Redefining \dots on input line 499.
LaTeX Info: Redefining \cdots on input line 620.
\Mathstrutbox@=\box50
\strutbox@=\box51
\big@size=\dimen149
LaTeX Font Info:    Redeclaring font encoding OML on input line 743.
LaTeX Font Info:    Redeclaring font encoding OMS on input line 744.
\macc@depth=\count198
\c@MaxMatrixCols=\count199
\dotsspace@=\muskip16
\c@parentequation=\count266
\dspbrk@lvl=\count267
\tag@help=\toks19
\row@=\count268
\column@=\count269
\maxfields@=\count270
\andhelp@=\toks20
\eqnshift@=\dimen150
\alignsep@=\dimen151
\tagshift@=\dimen152
\tagwidth@=\dimen153
\totwidth@=\dimen154
\lineht@=\dimen155
\@envbody=\toks21
\multlinegap=\skip50
\multlinetaggap=\skip51
\mathdisplay@stack=\toks22
LaTeX Info: Redefining \[ on input line 2923.
LaTeX Info: Redefining \] on input line 2924.
)
(e:/44013343z/AppData/Roaming/TinyTeX/texmf-dist/tex/latex/amsfonts/amssymb.sty
Package: amssymb 2013/01/14 v3.01 AMS font symbols

(e:/44013343z/AppData/Roaming/TinyTeX/texmf-dist/tex/latex/amsfonts/amsfonts.st
y
Package: amsfonts 2013/01/14 v3.01 Basic AMSFonts support
\symAMSa=\mathgroup4
\symAMSb=\mathgroup5
LaTeX Font Info:    Redeclaring math symbol \hbar on input line 98.
LaTeX Font Info:    Overwriting math alphabet `\mathfrak' in version `bold'
(Font)                  U/euf/m/n --> U/euf/b/n on input line 106.
)) (./changepage.sty
Package: changepage 2008/08/15 v1.0a check page and change page layout
\c@cp@cntr=\count271
\cp@tempcnt=\count272
) (e:/44013343z/AppData/Roaming/TinyTeX/texmf-dist/tex/latex/base/inputenc.sty
Package: inputenc 2021/02/14 v1.3d Input encoding file
\inpenc@prehook=\toks23
\inpenc@posthook=\toks24
(e:/44013343z/AppData/Roaming/TinyTeX/texmf-dist/tex/latex/ucs/utf8x.def
File: utf8x.def 2004/10/17 UCS: Input encoding UTF-8
)) (e:/44013343z/AppData/Roaming/TinyTeX/texmf-dist/tex/latex/ucs/ucs.sty
Package: ucs 2013/05/11 v2.2 UCS: Unicode input support

(e:/44013343z/AppData/Roaming/TinyTeX/texmf-dist/tex/latex/ucs/data/uni-global.
def
File: uni-global.def 2013/05/13 UCS: Unicode global data
)
\uc@secondtry=\count273
\uc@combtoks=\toks25
\uc@combtoksb=\toks26
\uc@temptokena=\toks27
) (e:/44013343z/AppData/Roaming/TinyTeX/texmf-dist/tex/latex/base/textcomp.sty
Package: textcomp 2020/02/02 v2.0n Standard LaTeX package
)
(e:/44013343z/AppData/Roaming/TinyTeX/texmf-dist/tex/latex/marvosym/marvosym.st
y
Package: marvosym 2011/07/20 v2.2 Martin Vogel's Symbols font definitions
)
(e:/44013343z/AppData/Roaming/TinyTeX/texmf-dist/tex/latex/hyperref/nameref.sty
Package: nameref 2021-04-02 v2.47 Cross-referencing by name of section

(e:/44013343z/AppData/Roaming/TinyTeX/texmf-dist/tex/latex/refcount/refcount.st
y
Package: refcount 2019/12/15 v3.6 Data extraction from label references (HO)

(e:/44013343z/AppData/Roaming/TinyTeX/texmf-dist/tex/generic/ltxcmds/ltxcmds.st
y
Package: ltxcmds 2020-05-10 v1.25 LaTeX kernel commands for general use (HO)
)
(e:/44013343z/AppData/Roaming/TinyTeX/texmf-dist/tex/generic/infwarerr/infwarer
r.sty
Package: infwarerr 2019/12/03 v1.5 Providing info/warning/error messages (HO)
))
(e:/44013343z/AppData/Roaming/TinyTeX/texmf-dist/tex/generic/gettitlestring/get
titlestring.sty
Package: gettitlestring 2019/12/15 v1.6 Cleanup title references (HO)

(e:/44013343z/AppData/Roaming/TinyTeX/texmf-dist/tex/latex/kvoptions/kvoptions.
sty
Package: kvoptions 2020-10-07 v3.14 Key value format for package options (HO)

(e:/44013343z/AppData/Roaming/TinyTeX/texmf-dist/tex/generic/kvsetkeys/kvsetkey
s.sty
Package: kvsetkeys 2019/12/15 v1.18 Key value parser (HO)
)))
\c@section@level=\count274
LaTeX Info: Redefining \ref on input line 356.
LaTeX Info: Redefining \pageref on input line 356.
)
(e:/44013343z/AppData/Roaming/TinyTeX/texmf-dist/tex/latex/hyperref/hyperref.st
y
Package: hyperref 2021-06-07 v7.00m Hypertext links for LaTeX

(e:/44013343z/AppData/Roaming/TinyTeX/texmf-dist/tex/generic/pdftexcmds/pdftexc
mds.sty
Package: pdftexcmds 2020-06-27 v0.33 Utility functions of pdfTeX for LuaTeX (HO
)
Package pdftexcmds Info: \pdf@primitive is available.
Package pdftexcmds Info: \pdf@ifprimitive is available.
Package pdftexcmds Info: \pdfdraftmode found.
)
(e:/44013343z/AppData/Roaming/TinyTeX/texmf-dist/tex/generic/kvdefinekeys/kvdef
inekeys.sty
Package: kvdefinekeys 2019-12-19 v1.6 Define keys (HO)
)
(e:/44013343z/AppData/Roaming/TinyTeX/texmf-dist/tex/generic/pdfescape/pdfescap
e.sty
Package: pdfescape 2019/12/09 v1.15 Implements pdfTeX's escape features (HO)
) (e:/44013343z/AppData/Roaming/TinyTeX/texmf-dist/tex/latex/hycolor/hycolor.st
y
Package: hycolor 2020-01-27 v1.10 Color options for hyperref/bookmark (HO)
)
(e:/44013343z/AppData/Roaming/TinyTeX/texmf-dist/tex/latex/letltxmacro/letltxma
cro.sty
Package: letltxmacro 2019/12/03 v1.6 Let assignment for LaTeX macros (HO)
) (e:/44013343z/AppData/Roaming/TinyTeX/texmf-dist/tex/latex/auxhook/auxhook.st
y
Package: auxhook 2019-12-17 v1.6 Hooks for auxiliary files (HO)
)
\@linkdim=\dimen156
\Hy@linkcounter=\count275
\Hy@pagecounter=\count276
(e:/44013343z/AppData/Roaming/TinyTeX/texmf-dist/tex/latex/hyperref/pd1enc.def
File: pd1enc.def 2021-06-07 v7.00m Hyperref: PDFDocEncoding definition (HO)
)
(e:/44013343z/AppData/Roaming/TinyTeX/texmf-dist/tex/latex/hyperref/hyperref-la
ngpatches.def
File: hyperref-langpatches.def 2021-06-07 v7.00m Hyperref: patches for babel la
nguages
)
(e:/44013343z/AppData/Roaming/TinyTeX/texmf-dist/tex/generic/intcalc/intcalc.st
y
Package: intcalc 2019/12/15 v1.3 Expandable calculations with integers (HO)
)
(e:/44013343z/AppData/Roaming/TinyTeX/texmf-dist/tex/generic/etexcmds/etexcmds.
sty
Package: etexcmds 2019/12/15 v1.7 Avoid name clashes with e-TeX commands (HO)
)
\Hy@SavedSpaceFactor=\count277
(e:/44013343z/AppData/Roaming/TinyTeX/texmf-dist/tex/latex/hyperref/puenc.def
File: puenc.def 2021-06-07 v7.00m Hyperref: PDF Unicode definition (HO)
)
Package hyperref Info: Hyper figures OFF on input line 4192.
Package hyperref Info: Link nesting OFF on input line 4197.
Package hyperref Info: Hyper index ON on input line 4200.
Package hyperref Info: Plain pages OFF on input line 4207.
Package hyperref Info: Backreferencing OFF on input line 4212.
Package hyperref Info: Implicit mode ON; LaTeX internals redefined.
Package hyperref Info: Bookmarks ON on input line 4445.
\c@Hy@tempcnt=\count278
(e:/44013343z/AppData/Roaming/TinyTeX/texmf-dist/tex/latex/url/url.sty
\Urlmuskip=\muskip17
Package: url 2013/09/16  ver 3.4  Verb mode for urls, etc.
)
LaTeX Info: Redefining \url on input line 4804.
\XeTeXLinkMargin=\dimen157
(e:/44013343z/AppData/Roaming/TinyTeX/texmf-dist/tex/generic/bitset/bitset.sty
Package: bitset 2019/12/09 v1.3 Handle bit-vector datatype (HO)

(e:/44013343z/AppData/Roaming/TinyTeX/texmf-dist/tex/generic/bigintcalc/bigintc
alc.sty
Package: bigintcalc 2019/12/15 v1.5 Expandable calculations on big integers (HO
)
))
\Fld@menulength=\count279
\Field@Width=\dimen158
\Fld@charsize=\dimen159
Package hyperref Info: Hyper figures OFF on input line 6076.
Package hyperref Info: Link nesting OFF on input line 6081.
Package hyperref Info: Hyper index ON on input line 6084.
Package hyperref Info: backreferencing OFF on input line 6091.
Package hyperref Info: Link coloring OFF on input line 6096.
Package hyperref Info: Link coloring with OCG OFF on input line 6101.
Package hyperref Info: PDF/A mode OFF on input line 6106.
LaTeX Info: Redefining \ref on input line 6146.
LaTeX Info: Redefining \pageref on input line 6150.

(e:/44013343z/AppData/Roaming/TinyTeX/texmf-dist/tex/latex/base/atbegshi-ltx.st
y
Package: atbegshi-ltx 2021/01/10 v1.0c Emulation of the original atbegshi
package with kernel methods
)
\Hy@abspage=\count280
\c@Item=\count281
\c@Hfootnote=\count282
)
Package hyperref Info: Driver (autodetected): hpdftex.

(e:/44013343z/AppData/Roaming/TinyTeX/texmf-dist/tex/latex/hyperref/hpdftex.def
File: hpdftex.def 2021-06-07 v7.00m Hyperref driver for pdfTeX

(e:/44013343z/AppData/Roaming/TinyTeX/texmf-dist/tex/latex/base/atveryend-ltx.s
ty
Package: atveryend-ltx 2020/08/19 v1.0a Emulation of the original atvery packag
e
with kernel methods
)
\Fld@listcount=\count283
\c@bookmark@seq@number=\count284

(e:/44013343z/AppData/Roaming/TinyTeX/texmf-dist/tex/latex/rerunfilecheck/rerun
filecheck.sty
Package: rerunfilecheck 2019/12/05 v1.9 Rerun checks for auxiliary files (HO)

(e:/44013343z/AppData/Roaming/TinyTeX/texmf-dist/tex/generic/uniquecounter/uniq
uecounter.sty
Package: uniquecounter 2019/12/15 v1.4 Provide unlimited unique counter (HO)
)
Package uniquecounter Info: New unique counter `rerunfilecheck' on input line 2
86.
)
\Hy@SectionHShift=\skip52
) (e:/44013343z/AppData/Roaming/TinyTeX/texmf-dist/tex/latex/lineno/lineno.sty
Package: lineno 2005/11/02 line numbers on paragraphs v4.41
\linenopenalty=\count285
\output=\toks28
\linenoprevgraf=\count286
\linenumbersep=\dimen160
\linenumberwidth=\dimen161
\c@linenumber=\count287
\c@pagewiselinenumber=\count288
\c@LN@truepage=\count289
\c@internallinenumber=\count290
\c@internallinenumbers=\count291
\quotelinenumbersep=\dimen162
\bframerule=\dimen163
\bframesep=\dimen164
\bframebox=\box52
LaTeX Info: Redefining \\ on input line 3056.
)
(e:/44013343z/AppData/Roaming/TinyTeX/texmf-dist/tex/latex/microtype/microtype.
sty
Package: microtype 2021/03/14 v2.8c Micro-typographical refinements (RS)
\MT@toks=\toks29
\MT@count=\count292
LaTeX Info: Redefining \textls on input line 790.
\MT@outer@kern=\dimen165
LaTeX Info: Redefining \textmicrotypecontext on input line 1374.
\MT@listname@count=\count293

(e:/44013343z/AppData/Roaming/TinyTeX/texmf-dist/tex/latex/microtype/microtype-
pdftex.def
File: microtype-pdftex.def 2021/03/14 v2.8c Definitions specific to pdftex (RS)

LaTeX Info: Redefining \lsstyle on input line 915.
LaTeX Info: Redefining \lslig on input line 915.
\MT@outer@space=\skip53
)
Package microtype Info: Loading configuration file microtype.cfg.

(e:/44013343z/AppData/Roaming/TinyTeX/texmf-dist/tex/latex/microtype/microtype.
cfg
File: microtype.cfg 2021/03/14 v2.8c microtype main configuration file (RS)
)) (e:/44013343z/AppData/Roaming/TinyTeX/texmf-dist/tex/latex/xcolor/xcolor.sty
Package: xcolor 2016/05/11 v2.12 LaTeX color extensions (UK)

(e:/44013343z/AppData/Roaming/TinyTeX/texmf-dist/tex/latex/graphics-cfg/color.c
fg
File: color.cfg 2016/01/02 v1.6 sample color configuration
)
Package xcolor Info: Driver file: pdftex.def on input line 225.

(e:/44013343z/AppData/Roaming/TinyTeX/texmf-dist/tex/latex/graphics-def/pdftex.
def
File: pdftex.def 2020/10/05 v1.2a Graphics/color driver for pdftex
)
(e:/44013343z/AppData/Roaming/TinyTeX/texmf-dist/tex/latex/colortbl/colortbl.st
y
Package: colortbl 2020/01/04 v1.0e Color table columns (DPC)
(e:/44013343z/AppData/Roaming/TinyTeX/texmf-dist/tex/latex/tools/array.sty
Package: array 2021/04/20 v2.5e Tabular extension package (FMi)
\col@sep=\dimen166
\ar@mcellbox=\box53
\extrarowheight=\dimen167
\NC@list=\toks30
\extratabsurround=\skip54
\backup@length=\skip55
\ar@cellbox=\box54
)
\everycr=\toks31
\minrowclearance=\skip56
)
\rownum=\count294
Package xcolor Info: Model `cmy' substituted by `cmy0' on input line 1348.
Package xcolor Info: Model `hsb' substituted by `rgb' on input line 1352.
Package xcolor Info: Model `RGB' extended on input line 1364.
Package xcolor Info: Model `HTML' substituted by `rgb' on input line 1366.
Package xcolor Info: Model `Hsb' substituted by `hsb' on input line 1367.
Package xcolor Info: Model `tHsb' substituted by `hsb' on input line 1368.
Package xcolor Info: Model `HSB' substituted by `hsb' on input line 1369.
Package xcolor Info: Model `Gray' substituted by `gray' on input line 1370.
Package xcolor Info: Model `wave' substituted by `hsb' on input line 1371.
)
\savedwidth=\skip57
(e:/44013343z/AppData/Roaming/TinyTeX/texmf-dist/tex/latex/caption/caption.sty
Package: caption 2020/10/26 v3.5g Customizing captions (AR)

(e:/44013343z/AppData/Roaming/TinyTeX/texmf-dist/tex/latex/caption/caption3.sty
Package: caption3 2020/10/21 v2.2e caption3 kernel (AR)
\captionmargin=\dimen168
\captionmargin@=\dimen169
\captionwidth=\dimen170
\caption@tempdima=\dimen171
\caption@indent=\dimen172
\caption@parindent=\dimen173
\caption@hangindent=\dimen174
Package caption Info: Standard document class detected.
)
\c@caption@flags=\count295
\c@continuedfloat=\count296
Package caption Info: changepage package is loaded.
\caption@adjustwidth@hsize=\dimen175
\caption@adjustwidth@linewidth=\dimen176
Package caption Info: hyperref package is loaded.
)
(e:/44013343z/AppData/Roaming/TinyTeX/texmf-dist/tex/latex/lastpage/lastpage.st
y
Package: lastpage 2015/03/29 v1.2m Refers to last page's name (HMM; JPG)
)
(e:/44013343z/AppData/Roaming/TinyTeX/texmf-dist/tex/latex/fancyhdr/fancyhdr.st
y
Package: fancyhdr 2021/01/28 v4.0.1 Extensive control of page headers and foote
rs
\f@nch@headwidth=\skip58
\f@nch@O@elh=\skip59
\f@nch@O@erh=\skip60
\f@nch@O@olh=\skip61
\f@nch@O@orh=\skip62
\f@nch@O@elf=\skip63
\f@nch@O@erf=\skip64
\f@nch@O@olf=\skip65
\f@nch@O@orf=\skip66
)
(e:/44013343z/AppData/Roaming/TinyTeX/texmf-dist/tex/latex/graphics/graphicx.st
y
Package: graphicx 2020/12/05 v1.2c Enhanced LaTeX Graphics (DPC,SPQR)

(e:/44013343z/AppData/Roaming/TinyTeX/texmf-dist/tex/latex/graphics/graphics.st
y
Package: graphics 2021/03/04 v1.4d Standard LaTeX Graphics (DPC,SPQR)
(e:/44013343z/AppData/Roaming/TinyTeX/texmf-dist/tex/latex/graphics/trig.sty
Package: trig 2016/01/03 v1.10 sin cos tan (DPC)
)
(e:/44013343z/AppData/Roaming/TinyTeX/texmf-dist/tex/latex/graphics-cfg/graphic
s.cfg
File: graphics.cfg 2016/06/04 v1.11 sample graphics configuration
)
Package graphics Info: Driver file: pdftex.def on input line 107.
)
\Gin@req@height=\dimen177
\Gin@req@width=\dimen178
)
(e:/44013343z/AppData/Roaming/TinyTeX/texmf-dist/tex/latex/epstopdf-pkg/epstopd
f.sty
Package: epstopdf 2020-01-24 v2.11 Conversion with epstopdf on the fly (HO)
(e:/44013343z/AppData/Roaming/TinyTeX/texmf-dist/tex/latex/grfext/grfext.sty
Package: grfext 2019/12/03 v1.3 Manage graphics extensions (HO)
)
(e:/44013343z/AppData/Roaming/TinyTeX/texmf-dist/tex/latex/epstopdf-pkg/epstopd
f-base.sty
Package: epstopdf-base 2020-01-24 v2.11 Base part for package epstopdf
Package epstopdf-base Info: Redefining graphics rule for `.eps' on input line 4
85.
Package grfext Info: Graphics extension search list:
(grfext)             [.pdf,.png,.jpg,.mps,.jpeg,.jbig2,.jb2,.PDF,.PNG,.JPG,.JPE
G,.JBIG2,.JB2,.eps]
(grfext)             \AppendGraphicsExtensions on input line 504.

(e:/44013343z/AppData/Roaming/TinyTeX/texmf-dist/tex/latex/latexconfig/epstopdf
-sys.cfg
File: epstopdf-sys.cfg 2010/07/13 v1.3 Configuration of (r)epstopdf for TeX Liv
e
)))
\csllabelwidth=\skip67
\cslhangindent=\skip68
(e:/44013343z/AppData/Roaming/TinyTeX/texmf-dist/tex/latex/tools/calc.sty
Package: calc 2017/05/25 v4.3 Infix arithmetic (KKT,FJ)
\calc@Acount=\count297
\calc@Bcount=\count298
\calc@Adimen=\dimen179
\calc@Bdimen=\dimen180
\calc@Askip=\skip69
\calc@Bskip=\skip70
LaTeX Info: Redefining \setlength on input line 80.
LaTeX Info: Redefining \addtolength on input line 81.
\calc@Ccount=\count299
\calc@Cskip=\skip71
)
(e:/44013343z/AppData/Roaming/TinyTeX/texmf-dist/tex/latex/forarray/forarray.st
y
Package: forarray 2008/06/20 Version 1.01 -- Using array structures in LaTeX
\fe@toks=\toks32
\fe@level=\count300
\fe@cnt@i=\count301
\fe@cnt@ii=\count302
\thislevelcount=\count303
\thislevelnr=\count304
)
(e:/44013343z/AppData/Roaming/TinyTeX/texmf-dist/tex/generic/xstring/xstring.st
y
(e:/44013343z/AppData/Roaming/TinyTeX/texmf-dist/tex/generic/xstring/xstring.te
x
\integerpart=\count305
\decimalpart=\count306
)
Package: xstring 2019/02/06 v1.83 String manipulations (CT)
)
(e:/44013343z/AppData/Roaming/TinyTeX/texmf-dist/tex/latex/l3backend/l3backend-
pdftex.def
File: l3backend-pdftex.def 2021-05-07 L3 backend support: PDF output (pdfTeX)
\l__color_backend_stack_int=\count307
\l__pdf_internal_box=\box55
) (./A-heuristic-algorithm-to-select-GRM.aux

LaTeX Warning: Label `id' multiply defined.


LaTeX Warning: Label `id' multiply defined.


LaTeX Warning: Label `id' multiply defined.


LaTeX Warning: Label `id' multiply defined.

)
\openout1 = `A-heuristic-algorithm-to-select-GRM.aux'.

LaTeX Font Info:    Checking defaults for OML/cmm/m/it on input line 219.
LaTeX Font Info:    ... okay on input line 219.
LaTeX Font Info:    Checking defaults for OMS/cmsy/m/n on input line 219.
LaTeX Font Info:    ... okay on input line 219.
LaTeX Font Info:    Checking defaults for OT1/cmr/m/n on input line 219.
LaTeX Font Info:    ... okay on input line 219.
LaTeX Font Info:    Checking defaults for T1/cmr/m/n on input line 219.
LaTeX Font Info:    ... okay on input line 219.
LaTeX Font Info:    Checking defaults for TS1/cmr/m/n on input line 219.
LaTeX Font Info:    ... okay on input line 219.
LaTeX Font Info:    Checking defaults for OMX/cmex/m/n on input line 219.
LaTeX Font Info:    ... okay on input line 219.
LaTeX Font Info:    Checking defaults for U/cmr/m/n on input line 219.
LaTeX Font Info:    ... okay on input line 219.
LaTeX Font Info:    Checking defaults for PD1/pdf/m/n on input line 219.
LaTeX Font Info:    ... okay on input line 219.
LaTeX Font Info:    Checking defaults for PU/pdf/m/n on input line 219.
LaTeX Font Info:    ... okay on input line 219.
*geometry* driver: auto-detecting
*geometry* detected driver: pdftex
*geometry* verbose mode - [ preamble ] result:
* driver: pdftex
* paper: letterpaper
* layout: <same size as paper>
* layoutoffset:(h,v)=(0.0pt,0.0pt)
* modes: 
* h-part:(L,W,R)=(198.7425pt, 323.40732pt, 92.14519pt)
* v-part:(T,H,B)=(61.42993pt, 638.14268pt, 95.39737pt)
* \paperwidth=614.295pt
* \paperheight=794.96999pt
* \textwidth=379.4175pt
* \textheight=632.36249pt
* \oddsidemargin=126.4725pt
* \evensidemargin=126.4725pt
* \topmargin=-47.84006pt
* \headheight=12.0pt
* \headsep=25.0pt
* \topskip=10.0pt
* \footskip=54.2025pt
* \marginparwidth=65.0pt
* \marginparsep=11.0pt
* \columnsep=10.0pt
* \skip\footins=9.0pt plus 4.0pt minus 2.0pt
* \hoffset=0.0pt
* \voffset=0.0pt
* \mag=1000
* \@twocolumnfalse
* \@twosidefalse
* \@mparswitchfalse
* \@reversemarginfalse
* (1in=72.27pt=25.4mm, 1cm=28.453pt)

(e:/44013343z/AppData/Roaming/TinyTeX/texmf-dist/tex/latex/ucs/ucsencs.def
File: ucsencs.def 2011/01/21 Fixes to fontencodings LGR, T3
)
Package hyperref Info: Link coloring OFF on input line 219.
LaTeX Info: Redefining \ref on input line 219.
LaTeX Info: Redefining \pageref on input line 219.
LaTeX Info: Redefining \nameref on input line 219.
(./A-heuristic-algorithm-to-select-GRM.out) (./A-heuristic-algorithm-to-select-
GRM.out)
\@outlinefile=\write3
\openout3 = `A-heuristic-algorithm-to-select-GRM.out'.

LaTeX Info: Redefining \microtypecontext on input line 219.
Package microtype Info: Generating PDF output.
Package microtype Info: Character protrusion enabled (level 2).
Package microtype Info: Using default protrusion set `alltext'.
Package microtype Info: Automatic font expansion enabled (level 2),
(microtype)             stretch: 20, shrink: 20, step: 1, non-selected.
Package microtype Info: Using default expansion set `alltext-nott'.
LaTeX Info: Redefining \showhyphens on input line 219.
Package microtype Info: No adjustment of tracking.
Package microtype Info: No adjustment of interword spacing.
Package microtype Info: No adjustment of character kerning.

(e:/44013343z/AppData/Roaming/TinyTeX/texmf-dist/tex/latex/microtype/mt-cmr.cfg
File: mt-cmr.cfg 2013/05/19 v2.2 microtype config. file: Computer Modern Roman 
(RS)
)
Package caption Info: Begin \AtBeginDocument code.
Package caption Info: End \AtBeginDocument code.
Package lastpage Info: Please have a look at the pageslts package at
(lastpage)             https://www.ctan.org/pkg/pageslts
(lastpage)             ! on input line 219.
LaTeX Font Info:    Trying to load font information for U+msa on input line 234
.
(e:/44013343z/AppData/Roaming/TinyTeX/texmf-dist/tex/latex/amsfonts/umsa.fd
File: umsa.fd 2013/01/14 v3.01 AMS symbols A
)
(e:/44013343z/AppData/Roaming/TinyTeX/texmf-dist/tex/latex/microtype/mt-msa.cfg
File: mt-msa.cfg 2006/02/04 v1.1 microtype config. file: AMS symbols (a) (RS)
)
LaTeX Font Info:    Trying to load font information for U+msb on input line 234
.
(e:/44013343z/AppData/Roaming/TinyTeX/texmf-dist/tex/latex/amsfonts/umsb.fd
File: umsb.fd 2013/01/14 v3.01 AMS symbols B
)
(e:/44013343z/AppData/Roaming/TinyTeX/texmf-dist/tex/latex/microtype/mt-msb.cfg
File: mt-msb.cfg 2005/06/01 v1.0 microtype config. file: AMS symbols (b) (RS)
)
\fe@count@abs@i=\count308
\fe@count@abs@ii=\count309
Package microtype Info: Loading generic protrusion settings for font family
(microtype)             `cmtt' (encoding: OT1).
(microtype)             For optimal results, create family-specific settings.
(microtype)             See the microtype manual for details.
(e:/44013343z/AppData/Roaming/TinyTeX/texmf-dist/tex/latex/ucs/data/uni-0.def
File: uni-0.def 2013/05/13 UCS: Unicode data U+0000..U+00FF
)
Package microtype Info: Loading generic protrusion settings for font family
(microtype)             `cmss' (encoding: OT1).
(microtype)             For optimal results, create family-specific settings.
(microtype)             See the microtype manual for details.
[1

{e:/44013343z/AppData/Roaming/TinyTeX/texmf-var/fonts/map/pdftex/updmap/pdftex.
map}] [2] [3] [4] [5] [6]
LaTeX Font Info:    Trying to load font information for OML+cmr on input line 6
33.
(e:/44013343z/AppData/Roaming/TinyTeX/texmf-dist/tex/latex/base/omlcmr.fd
File: omlcmr.fd 2019/12/16 v2.5j Standard LaTeX font definitions
)
LaTeX Font Info:    Font shape `OML/cmr/m/n' in size <10> not available
(Font)              Font shape `OML/cmm/m/it' tried instead on input line 633.
[7]
<figures/Figure1.png, id=179, 459.21562pt x 447.17062pt>
File: figures/Figure1.png Graphic file (type png)
<use figures/Figure1.png>
Package pdftex.def Info: figures/Figure1.png  used on input line 788.
(pdftex.def)             Requested size: 189.70906pt x 316.19011pt.
<figures/Figure2.png, id=180, 230.8625pt x 231.86626pt>
File: figures/Figure2.png Graphic file (type png)
<use figures/Figure2.png>
Package pdftex.def Info: figures/Figure2.png  used on input line 802.
(pdftex.def)             Requested size: 189.71005pt x 189.71407pt.
<figures/Figure3.png, id=182, 459.21562pt x 447.17062pt>
File: figures/Figure3.png Graphic file (type png)
<use figures/Figure3.png>
Package pdftex.def Info: figures/Figure3.png  used on input line 820.
(pdftex.def)             Requested size: 341.48892pt x 316.19011pt.
<figures/Figure4.png, id=183, 459.21562pt x 447.17062pt>
File: figures/Figure4.png Graphic file (type png)
<use figures/Figure4.png>
Package pdftex.def Info: figures/Figure4.png  used on input line 832.
(pdftex.def)             Requested size: 341.48892pt x 316.19011pt.
<figures/Figure5.png, id=184, 544.9158pt x 215.8464pt>
File: figures/Figure5.png Graphic file (type png)
<use figures/Figure5.png>
Package pdftex.def Info: figures/Figure5.png  used on input line 841.
(pdftex.def)             Requested size: 265.58925pt x 126.46889pt.
[8] [9 <./figures/Figure1.png>] [10pdfTeX warning (ext4): destination with the 
same identifier (name{id}) has been already used, duplicate ignored
<argument> ...shipout:D \box_use:N \l_shipout_box 
                                                  \__shipout_drop_firstpage_...
l.886 
       <./figures/Figure2.png>] [11pdfTeX warning (ext4): destination with the 
same identifier (name{id}) has been already used, duplicate ignored
<argument> ...shipout:D \box_use:N \l_shipout_box 
                                                  \__shipout_drop_firstpage_...
l.886 
       <./figures/Figure3.png>] [12pdfTeX warning (ext4): destination with the 
same identifier (name{id}) has been already used, duplicate ignored
<argument> ...shipout:D \box_use:N \l_shipout_box 
                                                  \__shipout_drop_firstpage_...
l.886 
      pdfTeX warning (ext4): destination with the same identifier (name{id}) ha
s been already used, duplicate ignored
<argument> ...shipout:D \box_use:N \l_shipout_box 
                                                  \__shipout_drop_firstpage_...
l.886 
       <./figures/Figure4.png> <./figures/Figure5.png>]
Underfull \hbox (badness 1067) in paragraph at lines 971--971
[]\OT1/cmr/m/n/10 (+20) Long MD, Smi-raglia DJ, Camp-bell MJ. The Ge-nomic Im-p
act of DNA
 []

[13]
Underfull \hbox (badness 1253) in paragraph at lines 1004--1004
[]\OT1/cmr/m/n/10 (+20) Barat A, Ruskin H, Byrne A, Prehn J. In-te-grat-ing Col
on Can-cer Mi-
 []


Underfull \hbox (badness 1184) in paragraph at lines 1004--1004
\OT1/cmr/m/n/10 (+20) croar-ray Data: As-so-ci-at-ing Locus-Specific Methy-la-t
ion Groups to Gene
 []


AED: lastpage setting LastPage
[14] (./A-heuristic-algorithm-to-select-GRM.aux)

LaTeX Warning: There were multiply-defined labels.

Package rerunfilecheck Info: File `A-heuristic-algorithm-to-select-GRM.out' has
 not changed.
(rerunfilecheck)             Checksum: F792C1E54579B4FD3C1FE6DE604E9BE2;4998.
 ) 
Here is how much of TeX's memory you used:
 14944 strings out of 480477
 229305 string characters out of 5897329
 599460 words of memory out of 5000000
 32196 multiletter control sequences out of 15000+600000
 412397 words of font info for 109 fonts, out of 8000000 for 9000
 14 hyphenation exceptions out of 8191
 69i,11n,80p,934b,549s stack positions out of 5000i,500n,10000p,200000b,80000s
 <e:/44013343z/AppData/Roaming/TinyTeX/texmf-var/fonts/pk/ljfour/jknappen/ec/
tcrm1000.600pk><e:/44013343z/AppData/Roaming/TinyTeX/texmf-dist/fonts/type1/pub
lic/amsfonts/cm/cmbx10.pfb><e:/44013343z/AppData/Roaming/TinyTeX/texmf-dist/fon
ts/type1/public/amsfonts/cm/cmbx12.pfb><e:/44013343z/AppData/Roaming/TinyTeX/te
xmf-dist/fonts/type1/public/amsfonts/cm/cmex10.pfb><e:/44013343z/AppData/Roamin
g/TinyTeX/texmf-dist/fonts/type1/public/amsfonts/cm/cmmi10.pfb><e:/44013343z/Ap
pData/Roaming/TinyTeX/texmf-dist/fonts/type1/public/amsfonts/cm/cmmi5.pfb><e:/4
4013343z/AppData/Roaming/TinyTeX/texmf-dist/fonts/type1/public/amsfonts/cm/cmmi
7.pfb><e:/44013343z/AppData/Roaming/TinyTeX/texmf-dist/fonts/type1/public/amsfo
nts/cm/cmr10.pfb><e:/44013343z/AppData/Roaming/TinyTeX/texmf-dist/fonts/type1/p
ublic/amsfonts/cm/cmr7.pfb><e:/44013343z/AppData/Roaming/TinyTeX/texmf-dist/fon
ts/type1/public/amsfonts/cm/cmss8.pfb><e:/44013343z/AppData/Roaming/TinyTeX/tex
mf-dist/fonts/type1/public/amsfonts/cm/cmsy10.pfb><e:/44013343z/AppData/Roaming
/TinyTeX/texmf-dist/fonts/type1/public/amsfonts/cm/cmti10.pfb><e:/44013343z/App
Data/Roaming/TinyTeX/texmf-dist/fonts/type1/public/amsfonts/cm/cmti12.pfb><e:/4
4013343z/AppData/Roaming/TinyTeX/texmf-dist/fonts/type1/public/amsfonts/cm/cmtt
10.pfb>
Output written on A-heuristic-algorithm-to-select-GRM.pdf (14 pages, 279513 byt
es).
PDF statistics:
 378 PDF objects out of 1000 (max. 8388607)
 321 compressed objects within 4 object streams
 108 named destinations out of 1000 (max. 500000)
 29394 words of extra memory for PDF output out of 29859 (max. 10000000)

